This file contains any messages produced by compilers while
running configure, to aid debugging if configure makes a mistake.

configure:625: checking host system type
configure:646: checking target system type
configure:664: checking build system type
configure:704: checking for a BSD compatible install
configure:761: checking for -p flag to install
configure:784: checking whether build environment is sane
configure:841: checking whether make sets ${MAKE}
configure:887: checking for working aclocal
configure:900: checking for working autoconf
configure:913: checking for working automake
configure:926: checking for working autoheader
configure:939: checking for working makeinfo
configure:1046: checking for gcc
configure:1159: checking whether the C compiler (gcc   ) works
configure:1175: gcc -o conftest     conftest.c  1>&5
configure:1201: checking whether the C compiler (gcc   ) is a cross-compiler
configure:1206: checking whether we are using GNU C
configure:1215: gcc -E conftest.c
configure:1234: checking whether gcc accepts -g
configure:1267: checking how to run the C preprocessor
configure:1288: gcc -E  conftest.c >/dev/null 2>conftest.out
configure:1380: checking for c++
configure:1412: checking whether the C++ compiler (c++   ) works
configure:1433: rm -rf SunWS_cache; c++ -o conftest     conftest.C  1>&5
configure:1459: checking whether the C++ compiler (c++   ) is a cross-compiler
configure:1464: checking whether we are using GNU C++
configure:1473: c++ -E conftest.C
configure:1492: checking whether c++ accepts -g
configure:1541: gcc -c -O2    conftest.c 1>&5
configure:1558: gcc -c -O2    conftest.c 1>&5
configure:2032: checking whether c++ supports -fno-exceptions
configure:2059: rm -rf SunWS_cache; c++ -o conftest -O2   -fno-exceptions   conftest.C  1>&5
configure:2090: checking whether c++ supports -fno-check-new
configure:2117: rm -rf SunWS_cache; c++ -o conftest -O2   -fno-exceptions -fno-check-new   conftest.C  1>&5
configure:2148: checking whether c++ supports -fexceptions
configure:2175: rm -rf SunWS_cache; c++ -o conftest -O2   -fno-exceptions -fno-check-new -fexceptions   conftest.C  1>&5
configure:2665: checking how to run the C++ preprocessor
configure:2686: c++ -E  conftest.C >/dev/null 2>conftest.out
configure:2768: checking whether c++ supports -frepo
configure:2795: rm -rf SunWS_cache; c++ -o conftest -O2 -fno-exceptions -fno-check-new -frepo   conftest.C  1>&5
configure:2787: warning: -frepo must be used with -c
configure:3024: checking for ld used by GCC
configure:3092: checking if the linker (/usr/bin/ld) is GNU ld
GNU ld version 2.11.90.0.8 (with BFD 2.11.90.0.8)
configure:3109: checking for /usr/bin/ld option to reload object files
configure:3121: checking for BSD-compatible nm
configure:3159: checking whether ln -s works
configure:3180: checking how to recognise dependant libraries
configure:3501: checking for ranlib
configure:3568: checking for strip
configure:3740: checking for Cygwin environment
configure:3756: gcc -c -O2    conftest.c 1>&5
configure: In function `main':
configure:3752: `__CYGWIN32__' undeclared (first use in this function)
configure:3752: (Each undeclared identifier is reported only once
configure:3752: for each function it appears in.)
configure: failed program was:
#line 3745 "configure"
#include "confdefs.h"

int main() {

#ifndef __CYGWIN__
#define __CYGWIN__ __CYGWIN32__
#endif
return __CYGWIN__;
; return 0; }
configure:3773: checking for mingw32 environment
configure:3785: gcc -c -O2    conftest.c 1>&5
configure: In function `main':
configure:3781: `__MINGW32__' undeclared (first use in this function)
configure:3781: (Each undeclared identifier is reported only once
configure:3781: for each function it appears in.)
configure: failed program was:
#line 3778 "configure"
#include "confdefs.h"

int main() {
return __MINGW32__;
; return 0; }
ltcf-c.sh:need_lc: gcc -c -O2    conftest.c 1>&5
ltcf-c.sh:need_lc: gcc -shared conftest.  -v -Wl,-soname -Wl,conftest -o conftest
ltconfig:678:checking for gcc option to produce PIC
ltconfig:687:checking that gcc PIC flag -fPIC -DPIC works.
ltconfig:697: gcc -c -O2   -fPIC -DPIC -DPIC  conftest.c 1>&5
ltconfig:749: checking if gcc static flag -static works
ltconfig:758: gcc -o conftest -O2     -static conftest.c  1>&5
ltconfig:780: finding the maximum length of command line arguments
ltconfig:@lineno@: result: 73729
ltconfig:829: checking if gcc supports -c -o file.o
ltconfig:830: gcc -c -O2   -o out/conftest2.o  conftest.c 1>&5
ltconfig:883: checking if gcc supports -fno-rtti -fno-exceptions
ltconfig:884: gcc -c -O2   -fno-rtti -fno-exceptions -c conftest.c  conftest.c 1>&5
ltconfig:1423: checking if global_symbol_pipe works
ltconfig:1424: gcc -c -O2    conftest.c 1>&5
ltconfig:1427: eval "/usr/bin/nm -B conftest.o | sed -n -e 's/^.*[ 	]\([ABCDGISTW]\)[ 	][ 	]*\(\)\([_A-Za-z][_A-Za-z0-9]*\)$/\1 \2\3 \3/p' > conftest.nm"
ltconfig:1479: gcc -o conftest -O2   -fno-builtin -fno-rtti -fno-exceptions   conftest.c conftstm.o 1>&5
ltconfig:1583: checking for dlopen in -ldl
ltconfig:1603: gcc -o conftest -O2   -fno-builtin -fno-rtti -fno-exceptions   conftest.c -ldl   1>&5
ltconfig:1863: checking for dlfcn.h
ltconfig:1874: gcc -c -O2   -fno-builtin -fno-rtti -fno-exceptions  conftest.c 1>&5 >/dev/null 2>conftest.out
ltconfig:1902: checking whether a program can dlopen itself
ltconfig:1957: gcc -o conftest -O2   -fno-builtin -fno-rtti -fno-exceptions  -DHAVE_DLFCN_H  -Wl,--export-dynamic conftest.c -ldl  1>&5
ltconfig:1976: checking whether a statically linked program can dlopen itself
ltconfig:2031: gcc -o conftest -O2   -fno-builtin -fno-rtti -fno-exceptions  -DHAVE_DLFCN_H  -Wl,--export-dynamic -static conftest.c -ldl  1>&5
ltconfig: failed program was:
/*#line 1984 "ltconfig"*/

#if HAVE_DLFCN_H
#include <dlfcn.h>
#endif

#include <stdio.h>

#ifdef RTLD_GLOBAL
# define LTDL_GLOBAL	RTLD_GLOBAL
#else
# ifdef DL_GLOBAL
#  define LTDL_GLOBAL	DL_GLOBAL
# else
#  define LTDL_GLOBAL	0
# endif
#endif

/* We may have to define LTDL_LAZY_OR_NOW in the command line if we
   find out it does not work in some platform. */
#ifndef LTDL_LAZY_OR_NOW
# ifdef RTLD_LAZY
#  define LTDL_LAZY_OR_NOW	RTLD_LAZY
# else
#  ifdef DL_LAZY
#   define LTDL_LAZY_OR_NOW	DL_LAZY
#  else
#   ifdef RTLD_NOW
#    define LTDL_LAZY_OR_NOW	RTLD_NOW
#   else
#    ifdef DL_NOW
#     define LTDL_LAZY_OR_NOW	DL_NOW
#    else
#     define LTDL_LAZY_OR_NOW	0
#    endif
#   endif
#  endif
# endif
#endif

void fnord() { int i=42; }
int main() {
    void *self, *ptr1, *ptr2; self=dlopen(0,LTDL_GLOBAL|LTDL_LAZY_OR_NOW);
    if(self) { ptr1=dlsym(self,"fnord"); ptr2=dlsym(self,"_fnord");
    if(ptr1 || ptr2) { dlclose(self); exit(0); } } exit(1); return 1; }

c++ -E conftest.cc
ltconfig:678:checking for c++ option to produce PIC
ltconfig:687:checking that c++ PIC flag -fPIC -DPIC works.
ltconfig:697: c++ -c -O2 -fno-exceptions -fno-check-new -DQT_THREAD_SUPPORT -fPIC -DPIC -DPIC  conftest.cc 1>&5
ltconfig:749: checking if c++ static flag -static works
ltconfig:758: c++ -o conftest -O2 -fno-exceptions -fno-check-new -DQT_THREAD_SUPPORT   -static conftest.cc  1>&5
ltconfig:780: finding the maximum length of command line arguments
ltconfig:@lineno@: result: 73729
ltconfig:883: checking if c++ supports -fno-rtti -fno-exceptions
ltconfig:884: c++ -c -O2 -fno-exceptions -fno-check-new -DQT_THREAD_SUPPORT -fno-rtti -fno-exceptions -c conftest.cc  conftest.cc 1>&5
ltconfig:1423: checking if global_symbol_pipe works
ltconfig:1424: c++ -c -O2 -fno-exceptions -fno-check-new -DQT_THREAD_SUPPORT  conftest.cc 1>&5
ltconfig:1427: eval "/usr/bin/nm -B conftest.o | sed -n -e 's/^.*[ 	]\([ABCDGISTW]\)[ 	][ 	]*\(\)\([_A-Za-z][_A-Za-z0-9]*\)$/\1 \2\3 \3/p' > conftest.nm"
ltconfig:1479: c++ -o conftest -O2 -fno-exceptions -fno-check-new -DQT_THREAD_SUPPORT -fno-builtin -fno-rtti -fno-exceptions   conftest.cc conftstm.o 1>&5
ltconfig:1863: checking for dlfcn.h
ltconfig:1902: checking whether a program can dlopen itself
ltconfig:1976: checking whether a statically linked program can dlopen itself
configure:3920: checking for object suffix
configure:3926: gcc -c -O2    conftest.c 1>&5
configure:3946: checking for executable suffix
configure:3956: gcc -o conftest -O2     conftest.c  1>&5
configure:4007: checking for msgfmt
configure:4041: checking for gmsgfmt
configure:4086: checking for xgettext
configure:4201: checking for main in -lutil
configure:4216: gcc -o conftest -O2     conftest.c -lutil   1>&5
configure:4237: checking for main in -lcompat
configure:4252: gcc -o conftest -O2     conftest.c -lcompat   1>&5
/usr/bin/ld: cannot find -lcompat
collect2: ld returned 1 exit status
configure: failed program was:
#line 4245 "configure"
#include "confdefs.h"

int main() {
main()
; return 0; }
configure:4274: checking for crypt in -lcrypt
configure:4293: gcc -o conftest -O2     conftest.c -lcrypt   1>&5
configure:4368: checking for socklen_t
configure:4398: c++ -c -O2 -fno-exceptions -fno-check-new -DQT_THREAD_SUPPORT  conftest.C 1>&5
configure:4465: checking for dnet_ntoa in -ldnet
configure:4484: gcc -o conftest -O2     conftest.c -ldnet   1>&5
/usr/bin/ld: cannot find -ldnet
collect2: ld returned 1 exit status
configure: failed program was:
#line 4473 "configure"
#include "confdefs.h"
/* Override any gcc2 internal prototype to avoid an error.  */
/* We use char because int might match the return type of a gcc2
    builtin and then its argument prototype would still apply.  */
char dnet_ntoa();

int main() {
dnet_ntoa()
; return 0; }
configure:4506: checking for dnet_ntoa in -ldnet_stub
configure:4525: gcc -o conftest -O2     conftest.c -ldnet_stub   1>&5
/usr/bin/ld: cannot find -ldnet_stub
collect2: ld returned 1 exit status
configure: failed program was:
#line 4514 "configure"
#include "confdefs.h"
/* Override any gcc2 internal prototype to avoid an error.  */
/* We use char because int might match the return type of a gcc2
    builtin and then its argument prototype would still apply.  */
char dnet_ntoa();

int main() {
dnet_ntoa()
; return 0; }
configure:4547: checking for inet_ntoa
configure:4575: gcc -o conftest -O2     conftest.c  1>&5
configure:4637: checking for connect
configure:4665: gcc -o conftest -O2     conftest.c  1>&5
configure:4728: checking for remove
configure:4756: gcc -o conftest -O2     conftest.c  1>&5
configure:4820: checking for shmat
configure:4848: gcc -o conftest -O2     conftest.c  1>&5
configure:4912: checking for res_init
configure:4940: gcc -o conftest -O2     conftest.c  1>&5
/tmp/ccnj4df3.o: In function `main':
/tmp/ccnj4df3.o(.text+0x7): undefined reference to `res_init'
collect2: ld returned 1 exit status
configure: failed program was:
#line 4917 "configure"
#include "confdefs.h"
/* System header to define __stub macros and hopefully few prototypes,
    which can conflict with char res_init(); below.  */
#include <assert.h>
/* Override any gcc2 internal prototype to avoid an error.  */
/* We use char because int might match the return type of a gcc2
    builtin and then its argument prototype would still apply.  */
char res_init();

int main() {

/* The GNU C library defines this for functions which it implements
    to always fail with ENOSYS.  Some functions are actually named
    something starting with __ and the normal name is an alias.  */
#if defined (__stub_res_init) || defined (__stub___res_init)
choke me
#else
res_init();
#endif

; return 0; }
configure:4975: gcc -o conftest -O2     conftest.c   -lresolv 1>&5
configure:5000: checking for killpg in -lucb
configure:5019: gcc -o conftest -O2     conftest.c -lucb   1>&5
/usr/bin/ld: cannot find -lucb
collect2: ld returned 1 exit status
configure: failed program was:
#line 5008 "configure"
#include "confdefs.h"
/* Override any gcc2 internal prototype to avoid an error.  */
/* We use char because int might match the return type of a gcc2
    builtin and then its argument prototype would still apply.  */
char killpg();

int main() {
killpg()
; return 0; }
configure:5088: checking size of int
configure:5107: gcc -o conftest -O2     conftest.c  1>&5
configure:5126: checking size of long
configure:5145: gcc -o conftest -O2     conftest.c  1>&5
configure:5164: checking size of char *
configure:5183: gcc -o conftest -O2     conftest.c  1>&5
configure:5202: checking size of char
configure:5221: gcc -o conftest -O2     conftest.c  1>&5
configure:5242: checking for dlopen in -ldl
configure:5286: checking for shl_unload in -ldld
configure:5305: gcc -o conftest -O2     conftest.c -ldld   1>&5
/usr/bin/ld: cannot find -ldld
collect2: ld returned 1 exit status
configure: failed program was:
#line 5294 "configure"
#include "confdefs.h"
/* Override any gcc2 internal prototype to avoid an error.  */
/* We use char because int might match the return type of a gcc2
    builtin and then its argument prototype would still apply.  */
char shl_unload();

int main() {
shl_unload()
; return 0; }
configure:5334: checking for extra includes
configure:5365: checking for extra libs
configure:5399: checking for libz
configure:5425: gcc -o conftest -O2        conftest.c    -lz  -lresolv 1>&5
configure:5478: checking for X
configure:5517: gcc -E  conftest.c >/dev/null 2>conftest.out
configure:5593: gcc -o conftest -O2     conftest.c -lXt  1>&5
/usr/bin/ld: cannot find -lXt
collect2: ld returned 1 exit status
configure: failed program was:
#line 5586 "configure"
#include "confdefs.h"

int main() {
XtMalloc()
; return 0; }
configure:5767: checking for IceConnectionNumber in -lICE
configure:5786: gcc -o conftest -O2     -L/usr/X11R6/lib conftest.c -lICE  -lresolv  1>&5
configure:5815: checking for libXext
configure:5841: gcc -o conftest -O2     -L/usr/X11R6/lib  conftest.c -lXext -lX11  -lresolv 1>&5
configure:5868: checking for Xinerama
configure:5980: checking for pthread_create in -lpthread
configure:5999: gcc -o conftest -O2     conftest.c -lpthread   1>&5
configure:6275: checking for libpng
configure:6309: gcc -o conftest -O2   -I/usr/X11R6/include   -D_REENTRANT  conftest.c  -L/usr/X11R6/lib  -lpng -lz -lm -lX11  -lresolv 1>&5
configure:6341: checking for libjpeg6b
configure:6379: gcc -o conftest -O2   -I/usr/X11R6/include   -D_REENTRANT  conftest.c -L/usr/X11R6/lib  -ljpeg6b -lm 1>&5
/usr/bin/ld: cannot find -ljpeg6b
collect2: ld returned 1 exit status
configure: failed program was:
#line 6358 "configure"
#include "confdefs.h"
/* Override any gcc2 internal prototype to avoid an error.  */
struct jpeg_decompress_struct;
typedef struct jpeg_decompress_struct * j_decompress_ptr;
typedef int size_t;
#ifdef __cplusplus
extern "C" {
#endif
    void jpeg_CreateDecompress(j_decompress_ptr cinfo,
                                    int version, size_t structsize);
#ifdef __cplusplus
}
#endif
/* We use char because int might match the return type of a gcc2
    builtin and then its argument prototype would still apply.  */

int main() {
jpeg_CreateDecompress(0L, 0, 0);
; return 0; }
configure:6402: checking for libjpeg
configure:6440: gcc -o conftest -O2   -I/usr/X11R6/include   -D_REENTRANT  conftest.c -L/usr/X11R6/lib  -ljpeg -lm 1>&5
configure: 6480: /usr/include/jpeglib.h
taking that
configure:6643: checking for Qt
configure: 6707: /usr/lib/qt-2.3.1/include/qstyle.h
taking that
tried NO
configure:6819: rm -rf SunWS_cache; c++ -o conftest -O2 -fno-exceptions -fno-check-new -DQT_THREAD_SUPPORT -I/usr/lib/qt-2.3.1/include -I/usr/X11R6/include  -D_REENTRANT  -L/usr/lib/qt-2.3.1/lib -L/usr/X11R6/lib   conftest.C  -lqt -lpng -lz -lm -ljpeg  -lXext -lX11 -lSM -lICE  -lresolv  1>&5
configure:6884: checking if Qt compiles without flags
configure:6980: rm -rf SunWS_cache; c++ -o conftest -O2 -fno-exceptions -fno-check-new -DQT_THREAD_SUPPORT -I/usr/lib/qt-2.3.1/include  -D_REENTRANT  -L/usr/X11R6/lib conftest.C -lqt -lpng -lz -lm -ljpeg  -lXext -lX11 -lSM -lICE  -lresolv -lXext -lX11  -lresolv 1>&5
/usr/bin/ld: cannot find -lqt
collect2: ld returned 1 exit status
configure: failed program was:
#include "confdefs.h"
#include <qglobal.h>
#include <qapplication.h>
#include <qevent.h>
#include <qstring.h>
#include <qstyle.h>
#include <qiconview.h>
#if ! (QT_VERSION >= 222)
#error 1
#endif

int main() {
    QStringList *t = new QStringList();
    Q_UNUSED(t);
    QIconView iv(0);
    iv.setWordWrapIconText(false);
    QString s;
    s.setLatin1("Elvis is alive", 14);
    return 0;
}
configure:7050: checking for moc
configure:7116: checking for uic
configure:7237: checking if canfestivalgui should be compiled
